Arguments: 
  C:\Program Files\nodejs\node.exe C:\Program Files (x86)\Yarn\bin\yarn.js add @rails/webpacker@4.3.0

PATH: 
  C:/Ruby26-x64/lib/ruby/gems/2.6.0/bin;C:\Users\brann\bin;C:\Program Files\Git\mingw64\bin;C:\Program Files\Git\usr\local\bin;C:\Program Files\Git\usr\bin;C:\Program Files\Common Files\Oracle\Java\javapath;C:\Program Files (x86)\Common Files\Oracle\Java\javapath;C:\Python38\Scripts;C:\Python38;C:\Windows\system32;C:\Windows;C:\Windows\System32\Wbem;C:\Windows\System32\WindowsPowerShell\v1.0;C:\Windows\System32\OpenSSH;C:\Program Files (x86)\PuTTY;C:\ProgramData\chocolatey\bin;C:\Users\brann\AppData\Roaming\nvm;C:\Program Files\nodejs;C:\Program Files\Git\cmd;C:\Program Files (x86)\Yarn\bin;C:\Ruby26-x64\bin;C:\Ruby27-x64\bin;C:\Users\brann\AppData\Local\Microsoft\WindowsApps;C:\Users\brann\AppData\Local\GitHubDesktop\bin;C:\Users\brann\AppData\Local\Programs\Microsoft VS Code\bin;C:\cygwin64\bin;C:\apache-zookeeper-3.6.1-bin\bin;C:\Gradle\gradle-6.5.1\bin;C:\Program Files\JetBrains\IntelliJ IDEA 2020.1.3\bin;C:\Program Files\JetBrains\IntelliJ IDEA Community Edition 2020.1.4\bin;C:\Users\brann\AppData\Roaming\npm;C:\Users\brann\~\.rbenv\bin;C:\Users\brann\AppData\Local\Yarn\bin;C:\Program Files\Git\usr\bin\vendor_perl;C:\Program Files\Git\usr\bin\core_perl

Yarn version: 
  1.22.5

Node version: 
  12.18.3

Platform: 
  win32 x64

Trace: 
  Error: EEXIST: file already exists, mkdir 'G:\My Drive\Classwork\Fall2020\CSCE_431-502\assignment-3-ruby-on-rails-brannan-abigail\bookCollectionApp\node_modules\@babel'

npm manifest: 
  {
    "name": "bookCollectionApp",
    "private": true,
    "dependencies": {
      "@rails/ujs": "^6.0.0",
      "turbolinks": "^5.2.0",
      "@rails/activestorage": "^6.0.0",
      "@rails/actioncable": "^6.0.0"
    },
    "version": "0.1.0"
  }

yarn manifest: 
  No manifest

Lockfile: 
  No lockfile
